2019-09-13 14:25:13.446 [Info] > XCGLogger writing log to: file:///var/mobile/Containers/Data/Application/CBB3BDAF-E38D-4C7B-82A5-86EE0070B01D/Documents/Logs/sync.20190913T142513+0200.log
2019-09-13 14:25:13.446 [Info] [RollingFileLogger.swift:46] newLogWithDate(_:) > Created file destination for logger with root: sync and timestamp: 2019-09-13 12:25:13 +0000
2019-09-13 14:25:13.454 [Debug] [Profile.swift:209] init(localName:syncDelegate:clear:) > Initing profile profile on thread <NSThread: 0x280842fc0>{number = 1, name = main}.
2019-09-13 14:25:13.467 [Info] [BrowserSchema.swift:159] init() > SQLite version: 3.27.2 (3027002).
2019-09-13 14:25:13.469 [Debug] [BrowserDB.swift:23] init(filename:schema:files:) > Initializing BrowserDB: browser.db.
2019-09-13 14:25:13.478 [Debug] [BrowserDB.swift:23] init(filename:schema:files:) > Initializing BrowserDB: ReadingList.db.
2019-09-13 14:25:13.785 [Info] [Profile.swift:263] init(localName:syncDelegate:clear:) > [RUST][rc_log_ffi::ios] rc_log adapter initialized!
2019-09-13 14:25:14.083 [Debug] [SwiftData.swift:448] init(filename:flags:schema:files:) > Opening connection to /private/var/mobile/Containers/Shared/AppGroup/3AC9B56F-1595-457E-AB40-532540485C00/profile.profile/browser.db.
2019-09-13 14:25:14.175 [Debug] [Profile.swift:330] _reopen() > Reopening profile.
2019-09-13 14:25:14.204 [Info] [SwiftData.swift:609] prepareCleartext() > Enabling WAL mode.
2019-09-13 14:25:14.231 [Debug] [SwiftData.swift:716] prepareSchema() > Schema BROWSER already exists at version 40. Skipping additional schema preparation.
2019-09-13 14:25:14.231 [Debug] [SwiftData.swift:488] init(filename:flags:schema:files:) > Database successfully created or updated.
2019-09-13 14:25:14.357 [Debug] [Profile.swift:951] beginTimedSyncs() > Starting sync timer.
2019-09-13 14:25:14.358 [Debug] [Profile.swift:682] applicationDidBecomeActive() > 71662829msec since last sync.
2019-09-13 14:25:19.659 [Debug] [SwiftData.swift:448] init(filename:flags:schema:files:) > Opening connection to /private/var/mobile/Containers/Shared/AppGroup/3AC9B56F-1595-457E-AB40-532540485C00/profile.profile/browser.db.
2019-09-13 14:25:19.663 [Info] [SwiftData.swift:609] prepareCleartext() > Enabling WAL mode.
2019-09-13 14:25:19.670 [Debug] [SwiftData.swift:702] prepareSchema() > Skipping schema (BROWSER) preparation for read-only connection.
2019-09-13 14:25:19.670 [Debug] [SwiftData.swift:488] init(filename:flags:schema:files:) > Database successfully created or updated.
2019-09-13 14:25:24.365 [Debug] [Profile.swift:1227] syncEverythingSoon() > Running delayed startup sync.
2019-09-13 14:25:24.383 [Info] [Profile.swift:1167] syncWith(synchronizers:account:statsSession:why:) > Syncing ["clients", "tabs", "bookmarks", "history", "logins"]
2019-09-13 14:25:24.394 [Debug] [SyncAuthState.swift:126] token(_:canBeExpired:) > Advancing Account state.
2019-09-13 14:25:24.395 [Debug] [FirefoxAccount.swift:528] advance() > no advance() in progress; setting and returning new shared deferred.
2019-09-13 14:25:24.398 [Info] [FxALoginStateMachine.swift:51] advanceOne(fromState:now:) > Advancing from state: married
2019-09-13 14:25:24.399 [Debug] [FxALoginStateMachine.swift:55] advanceOne(fromState:now:) > Checking key pair freshness.
2019-09-13 14:25:24.399 [Debug] [FxALoginStateMachine.swift:60] advanceOne(fromState:now:) > Checking certificate freshness.
2019-09-13 14:25:24.399 [Info] [FxALoginStateMachine.swift:65] advanceOne(fromState:now:) > Key pair and certificate are fresh; staying Married.
2019-09-13 14:25:24.447 [Debug] [FirefoxAccount.swift:537] advance() > advance() completed and shared deferred is existing deferred; clearing shared deferred.
2019-09-13 14:25:24.448 [Info] [SyncAuthState.swift:129] token(_:canBeExpired:) > Account is in Married state; generating assertion.
2019-09-13 14:25:24.448 [Debug] [SyncAuthState.swift:134] token(_:canBeExpired:) > Fetching token server token.
2019-09-13 14:25:27.773 [Debug] [SyncAuthState.swift:143] token(_:canBeExpired:) > Fetched token server token!  Token expires at 1568381124393.
2019-09-13 14:25:27.774 [Debug] [SyncStateMachine.swift:148] toReady(_:) > Got token from auth state.
2019-09-13 14:25:27.814 [Debug] [State.swift:458] unpickleV1FromPrefs(_:syncKeyBundle:) > Read keys from Keychain with label JYL9I1GXubfd.
2019-09-13 14:25:27.815 [Info] [SyncStateMachine.swift:188] toReady(_:) > Advancing to InitialWithLiveToken.
2019-09-13 14:25:27.816 [Info] [SyncStateMachine.swift:329] init(scratchpad:token:) > Inited initialWithLiveToken
2019-09-13 14:25:27.818 [Info] [SyncStateMachine.swift:122] advanceFromState(_:) > advanceFromState: InitialWithLiveToken
2019-09-13 14:25:29.984 [Debug] [StorageClient.swift:372] failFromResponse(_:) > Status code: 200.
2019-09-13 14:25:29.990 [Info] [SyncStateMachine.swift:329] init(scratchpad:token:) > Inited initialWithLiveTokenAndInfo
2019-09-13 14:25:29.993 [Info] [SyncStateMachine.swift:122] advanceFromState(_:) > advanceFromState: InitialWithLiveTokenAndInfo
2019-09-13 14:25:29.994 [Debug] [SyncStateMachine.swift:770] advance() > Cached meta/global fetched at 1568304929660, newer than server modified 1566878631780. Using cached meta/global.
2019-09-13 14:25:29.994 [Info] [SyncStateMachine.swift:313] init(client:scratchpad:token:) > Inited hasMetaGlobal
2019-09-13 14:25:29.995 [Info] [SyncStateMachine.swift:122] advanceFromState(_:) > advanceFromState: HasMetaGlobal
2019-09-13 14:25:29.995 [Debug] [SyncStateMachine.swift:859] advance() > Cached keys fetched at 1568304929850, newer than server modified 1566878632080. Using cached keys.
2019-09-13 14:25:29.996 [Info] [SyncStateMachine.swift:313] init(client:scratchpad:token:) > Inited hasFreshCryptoKeys
2019-09-13 14:25:29.996 [Info] [SyncStateMachine.swift:122] advanceFromState(_:) > advanceFromState: HasFreshCryptoKeys
2019-09-13 14:25:29.997 [Info] [SyncStateMachine.swift:313] init(client:scratchpad:token:) > Inited ready
2019-09-13 14:25:29.997 [Info] [SyncStateMachine.swift:122] advanceFromState(_:) > advanceFromState: Ready
2019-09-13 14:25:30.000 [Debug] [Profile.swift:1046] takeActionsOnEngineStateChanges(_:) > No collections need reset. Moving on.
2019-09-13 14:25:30.004 [Debug] [Profile.swift:1184] syncWith(synchronizers:account:statsSession:why:) > Syncing clients…
2019-09-13 14:25:30.005 [Debug] [Profile.swift:968] syncClientsWithDelegate(_:prefs:ready:why:) > Syncing clients to storage.
2019-09-13 14:25:30.006 [Info] [Synchronizer.swift:202] init(scratchpad:delegate:basePrefs:why:collection:) > Synchronizer configured with prefs 'profile.sync.synchronizer.clients...'
2019-09-13 14:25:30.006 [Debug] [ClientsSynchronizer.swift:368] synchronizeLocalClients(_:withServer:info:notifier:) > Synchronizing clients.
2019-09-13 14:25:30.009 [Debug] [StorageClient.swift:792] getSince(_:sort:limit:offset:) > Issuing GET with newer = 0, offset = nil, sort = nil.
2019-09-13 14:25:35.114 [Debug] [StorageClient.swift:372] failFromResponse(_:) > Status code: 200.
2019-09-13 14:25:35.128 [Debug] [ClientsSynchronizer.swift:303] applyStorageResponse(_:toLocalClients:withServer:notifier:) > Applying clients response.
2019-09-13 14:25:35.128 [Debug] [ClientsSynchronizer.swift:310] applyStorageResponse(_:toLocalClients:withServer:notifier:) > Got 4 client records.
2019-09-13 14:25:35.129 [Debug] [ClientsSynchronizer.swift:324] applyStorageResponse(_:toLocalClients:withServer:notifier:) > Skipping our own unmodified record.
2019-09-13 14:25:35.140 [Debug] [ClientsSynchronizer.swift:195] processCommandsFromRecord(_:withServer:) > Processing commands from downloaded record.
2019-09-13 14:25:35.141 [Debug] [ClientsSynchronizer.swift:279] maybeUploadOurRecord(_:ifUnmodifiedSince:toServer:) > Should we upload our client record? Caller = false, expired = false.
2019-09-13 14:25:35.144 [Debug] [ClientsSynchronizer.swift:353] applyStorageResponse(_:toLocalClients:withServer:notifier:) > Running 0 commands.
2019-09-13 14:25:35.148 [Debug] [Profile.swift:978] syncClientsWithDelegate(_:prefs:ready:why:) > Updating FxA devices list.
2019-09-13 14:25:36.816 [Debug] [Profile.swift:1184] syncWith(synchronizers:account:statsSession:why:) > Syncing tabs…
2019-09-13 14:25:36.817 [Info] [Synchronizer.swift:202] init(scratchpad:delegate:basePrefs:why:collection:) > Synchronizer configured with prefs 'profile.sync.synchronizer.tabs...'
2019-09-13 14:25:36.817 [Debug] [StorageClient.swift:792] getSince(_:sort:limit:offset:) > Issuing GET with newer = 1568305817480, offset = nil, sort = nil.
2019-09-13 14:25:37.583 [Debug] [StorageClient.swift:372] failFromResponse(_:) > Status code: 200.
2019-09-13 14:25:37.608 [Debug] [TabsSynchronizer.swift:118] afterWipe() > Got 1 tab records.
2019-09-13 14:25:37.634 [Debug] [SQLiteRemoteClientsAndTabs.swift:236] getTabsForClientWithGUID(_:) > Looking for tabs for client with guid: nil
2019-09-13 14:25:37.635 [Debug] [SQLiteRemoteClientsAndTabs.swift:239] getTabsForClientWithGUID(_:) > Found 0 tabs for client with guid: nil
2019-09-13 14:25:37.636 [Debug] [Profile.swift:1184] syncWith(synchronizers:account:statsSession:why:) > Syncing bookmarks…
2019-09-13 14:25:37.636 [Debug] [Profile.swift:1024] syncBookmarksWithDelegate(_:prefs:ready:why:) > Syncing bookmarks to storage.
2019-09-13 14:25:41.028 [Info] [Profile.swift:263] init(localName:syncDelegate:clear:) > [RUST][sync15::sync_multiple] Advancing state machine to ready (full)
2019-09-13 14:25:41.033 [Info] [Profile.swift:263] init(localName:syncDelegate:clear:) > [RUST][viaduct::backend] Using HTTP backend reqwest (untrusted)
2019-09-13 14:25:44.107 [Info] [Profile.swift:263] init(localName:syncDelegate:clear:) > [RUST][sync15::sync_multiple] Syncing bookmarks engine!
2019-09-13 14:25:44.108 [Info] [Profile.swift:263] init(localName:syncDelegate:clear:) > [RUST][sync15::sync] Syncing collection bookmarks
2019-09-13 14:25:44.414 [Info] [Profile.swift:263] init(localName:syncDelegate:clear:) > [RUST][sync15::sync] Downloaded 2 remote changes
2019-09-13 14:25:44.607 [Info] [Profile.swift:263] init(localName:syncDelegate:clear:) > [RUST][sync15::sync] Uploading 0 outgoing changes
2019-09-13 14:25:44.607 [Info] [Profile.swift:263] init(localName:syncDelegate:clear:) > [RUST][sync15::sync] Upload success (0 records success, 0 records failed)
2019-09-13 14:25:44.620 [Info] [Profile.swift:263] init(localName:syncDelegate:clear:) > [RUST][sync15::sync] Sync finished!
2019-09-13 14:25:44.620 [Info] [Profile.swift:263] init(localName:syncDelegate:clear:) > [RUST][sync15::sync_multiple] Sync of bookmarks was successful!
2019-09-13 14:25:44.620 [Info] [Profile.swift:263] init(localName:syncDelegate:clear:) > [RUST][sync15::sync_multiple] Updating persisted global state
2019-09-13 14:25:44.626 [Debug] [Profile.swift:1184] syncWith(synchronizers:account:statsSession:why:) > Syncing history…
2019-09-13 14:25:44.626 [Debug] [Profile.swift:992] syncHistoryWithDelegate(_:prefs:ready:why:) > Syncing history to storage.
2019-09-13 14:25:44.627 [Info] [Synchronizer.swift:202] init(scratchpad:delegate:basePrefs:why:collection:) > Synchronizer configured with prefs 'profile.sync.synchronizer.history...'
2019-09-13 14:25:44.627 [Debug] [Profile.swift:1316] greenLight() > Checking green light. Backgrounded: false.
2019-09-13 14:25:44.629 [Info] [Downloader.swift:44] init(collectionClient:basePrefs:collection:) > Downloader configured with prefs 'profile.sync.synchronizer.history..downloader.history..'.
2019-09-13 14:25:44.630 [Debug] [Downloader.swift:126] go(_:limit:) > Modified: 1568341328510; last 1568305850220.
2019-09-13 14:25:44.630 [Debug] [Downloader.swift:156] downloadNextBatchWithLimit(_:infoModified:) > Fetching newer=1568305850220, offset=nil.
2019-09-13 14:25:44.631 [Debug] [StorageClient.swift:792] getSince(_:sort:limit:offset:) > Issuing GET with newer = 1568305850220, offset = nil, sort = OldestFirst.
2019-09-13 14:25:47.773 [Debug] [StorageClient.swift:372] failFromResponse(_:) > Status code: 200.
2019-09-13 14:25:47.862 [Debug] [Downloader.swift:174] handleSuccess(_:) > Handling success.
2019-09-13 14:25:47.863 [Debug] [Downloader.swift:208] handleSuccess(_:) > Got success response with 284 records.
2019-09-13 14:25:47.864 [Info] [HistorySynchronizer.swift:217] onBatchResult(_:) > Done with batched mirroring.
2019-09-13 14:25:50.629 [Debug] [Downloader.swift:191] handleSuccess(_:) > Advancing baseTimestamp to 1568341328510 - 1
2019-09-13 14:25:50.630 [Debug] [Downloader.swift:203] handleSuccess(_:) > Advancing lastModified to Optional(1568341328510) ?? 1568341328510.
2019-09-13 14:25:50.632 [Debug] [BrowserDB.swift:92] checkpoint() > Checkpointing a BrowserDB.
2019-09-13 14:25:50.632 [Debug] [SwiftData.swift:869] checkpoint(_:) > Running WAL checkpoint on /private/var/mobile/Containers/Shared/AppGroup/3AC9B56F-1595-457E-AB40-532540485C00/profile.profile/browser.db on thread <NSThread: 0x2808b6200>{number = 11, name = (null)}.
2019-09-13 14:25:50.632 [Debug] [SwiftData.swift:871] checkpoint(_:) > WAL checkpoint done on /private/var/mobile/Containers/Shared/AppGroup/3AC9B56F-1595-457E-AB40-532540485C00/profile.profile/browser.db.
2019-09-13 14:25:50.633 [Info] [HistorySynchronizer.swift:162] uploadOutgoingFromStorage(_:lastTimestamp:withServer:) > Uploading 0 deleted places.
2019-09-13 14:25:50.633 [Debug] [IndependentRecordSynchronizer.swift:103] uploadRecords(_:lastTimestamp:storageClient:onUpload:) > No modified records to upload.
2019-09-13 14:25:50.634 [Info] [SQLiteHistory.swift:958] attachVisitsTo(places:visitLimit:) > Attaching 0 places to 0 most recent visits
2019-09-13 14:25:50.635 [Info] [HistorySynchronizer.swift:173] uploadOutgoingFromStorage(_:lastTimestamp:withServer:) > Uploading 0 modified places.
2019-09-13 14:25:50.635 [Info] [HistorySynchronizer.swift:124] uploadModifiedPlaces(_:lastTimestamp:fromStorage:withServer:) > Preparing upload…
2019-09-13 14:25:50.635 [Debug] [HistorySynchronizer.swift:187] uploadOutgoingFromStorage(_:lastTimestamp:withServer:) > Done syncing. Work was done? false
2019-09-13 14:25:50.635 [Debug] [HistorySynchronizer.swift:189] uploadOutgoingFromStorage(_:lastTimestamp:withServer:) > Done.
2019-09-13 14:25:50.635 [Debug] [Profile.swift:1184] syncWith(synchronizers:account:statsSession:why:) > Syncing logins…
2019-09-13 14:25:50.635 [Debug] [Profile.swift:1002] syncLoginsWithDelegate(_:prefs:ready:why:) > Syncing logins to storage.
2019-09-13 14:25:50.650 [Info] [Profile.swift:263] init(localName:syncDelegate:clear:) > [RUST][sync15::sync_multiple] Advancing state machine to ready (full)
2019-09-13 14:25:51.940 [Info] [Profile.swift:263] init(localName:syncDelegate:clear:) > [RUST][sync15::sync_multiple] Syncing passwords engine!
2019-09-13 14:25:51.941 [Info] [Profile.swift:263] init(localName:syncDelegate:clear:) > [RUST][sync15::sync] Syncing collection passwords
2019-09-13 14:25:52.232 [Info] [Profile.swift:263] init(localName:syncDelegate:clear:) > [RUST][sync15::sync] Downloaded 3 remote changes
2019-09-13 14:25:52.275 [Info] [Profile.swift:263] init(localName:syncDelegate:clear:) > [RUST][sync15::sync] Uploading 0 outgoing changes
2019-09-13 14:25:52.275 [Info] [Profile.swift:263] init(localName:syncDelegate:clear:) > [RUST][sync15::sync] Upload success (0 records success, 0 records failed)
2019-09-13 14:25:52.295 [Info] [Profile.swift:263] init(localName:syncDelegate:clear:) > [RUST][sync15::sync] Sync finished!
2019-09-13 14:25:52.296 [Info] [Profile.swift:263] init(localName:syncDelegate:clear:) > [RUST][sync15::sync_multiple] Sync of passwords was successful!
2019-09-13 14:25:52.298 [Info] [Profile.swift:263] init(localName:syncDelegate:clear:) > [RUST][sync15::sync_multiple] Updating persisted global state
2019-09-13 14:25:52.333 [Info] [Profile.swift:719] endSyncing(_:) > Ending all queued syncs.
2019-09-13 14:25:52.337 [Info] [SyncAuthState.swift:121] token(_:canBeExpired:) > Returning cached token, which should be valid.
2019-09-13 14:25:52.348 [Debug] [State.swift:458] unpickleV1FromPrefs(_:syncKeyBundle:) > Read keys from Keychain with label JYL9I1GXubfd.
2019-09-13 14:26:23.952 [Info] [FxALoginStateMachine.swift:51] advanceOne(fromState:now:) > Advancing from state: married
2019-09-13 14:26:23.952 [Debug] [FirefoxAccount.swift:528] advance() > no advance() in progress; setting and returning new shared deferred.
2019-09-13 14:26:23.954 [Debug] [FxALoginStateMachine.swift:55] advanceOne(fromState:now:) > Checking key pair freshness.
2019-09-13 14:26:23.954 [Debug] [FxALoginStateMachine.swift:60] advanceOne(fromState:now:) > Checking certificate freshness.
2019-09-13 14:26:23.954 [Info] [FxALoginStateMachine.swift:65] advanceOne(fromState:now:) > Key pair and certificate are fresh; staying Married.
2019-09-13 14:26:23.977 [Debug] [FirefoxAccount.swift:537] advance() > advance() completed and shared deferred is existing deferred; clearing shared deferred.
2019-09-13 14:26:36.345 [Debug] [FirefoxAccount.swift:528] advance() > no advance() in progress; setting and returning new shared deferred.
2019-09-13 14:26:36.345 [Info] [FxALoginStateMachine.swift:51] advanceOne(fromState:now:) > Advancing from state: married
2019-09-13 14:26:36.346 [Debug] [FxALoginStateMachine.swift:55] advanceOne(fromState:now:) > Checking key pair freshness.
2019-09-13 14:26:36.346 [Debug] [FxALoginStateMachine.swift:60] advanceOne(fromState:now:) > Checking certificate freshness.
2019-09-13 14:26:36.347 [Info] [FxALoginStateMachine.swift:65] advanceOne(fromState:now:) > Key pair and certificate are fresh; staying Married.
2019-09-13 14:26:36.381 [Debug] [FirefoxAccount.swift:537] advance() > advance() completed and shared deferred is existing deferred; clearing shared deferred.
2019-09-13 14:29:39.265 [Debug] [Profile.swift:961] endTimedSyncs() > Stopping sync timer.
2019-09-13 14:29:39.276 [Info] [Profile.swift:1167] syncWith(synchronizers:account:statsSession:why:) > Syncing ["clients", "tabs", "bookmarks", "history", "logins"]
2019-09-13 14:29:39.290 [Info] [SyncAuthState.swift:121] token(_:canBeExpired:) > Returning cached token, which should be valid.
2019-09-13 14:29:39.293 [Debug] [SyncStateMachine.swift:148] toReady(_:) > Got token from auth state.
2019-09-13 14:29:39.323 [Debug] [State.swift:458] unpickleV1FromPrefs(_:syncKeyBundle:) > Read keys from Keychain with label JYL9I1GXubfd.
2019-09-13 14:29:39.325 [Info] [SyncStateMachine.swift:188] toReady(_:) > Advancing to InitialWithLiveToken.
2019-09-13 14:29:39.326 [Info] [SyncStateMachine.swift:329] init(scratchpad:token:) > Inited initialWithLiveToken
2019-09-13 14:29:39.327 [Info] [SyncStateMachine.swift:122] advanceFromState(_:) > advanceFromState: InitialWithLiveToken
2019-09-13 14:29:40.456 [Debug] [StorageClient.swift:372] failFromResponse(_:) > Status code: 200.
2019-09-13 14:29:40.474 [Info] [SyncStateMachine.swift:329] init(scratchpad:token:) > Inited initialWithLiveTokenAndInfo
2019-09-13 14:29:40.475 [Info] [SyncStateMachine.swift:122] advanceFromState(_:) > advanceFromState: InitialWithLiveTokenAndInfo
2019-09-13 14:29:40.475 [Debug] [SyncStateMachine.swift:770] advance() > Cached meta/global fetched at 1568304929660, newer than server modified 1566878631780. Using cached meta/global.
2019-09-13 14:29:40.475 [Info] [SyncStateMachine.swift:313] init(client:scratchpad:token:) > Inited hasMetaGlobal
2019-09-13 14:29:40.476 [Info] [SyncStateMachine.swift:122] advanceFromState(_:) > advanceFromState: HasMetaGlobal
2019-09-13 14:29:40.476 [Debug] [SyncStateMachine.swift:859] advance() > Cached keys fetched at 1568304929850, newer than server modified 1566878632080. Using cached keys.
2019-09-13 14:29:40.476 [Info] [SyncStateMachine.swift:313] init(client:scratchpad:token:) > Inited hasFreshCryptoKeys
2019-09-13 14:29:40.476 [Info] [SyncStateMachine.swift:122] advanceFromState(_:) > advanceFromState: HasFreshCryptoKeys
2019-09-13 14:29:40.476 [Info] [SyncStateMachine.swift:313] init(client:scratchpad:token:) > Inited ready
2019-09-13 14:29:40.476 [Info] [SyncStateMachine.swift:122] advanceFromState(_:) > advanceFromState: Ready
2019-09-13 14:29:40.476 [Debug] [Profile.swift:1046] takeActionsOnEngineStateChanges(_:) > No collections need reset. Moving on.
2019-09-13 14:29:40.476 [Debug] [Profile.swift:1184] syncWith(synchronizers:account:statsSession:why:) > Syncing clients…
2019-09-13 14:29:40.476 [Debug] [Profile.swift:968] syncClientsWithDelegate(_:prefs:ready:why:) > Syncing clients to storage.
2019-09-13 14:29:40.483 [Info] [Synchronizer.swift:202] init(scratchpad:delegate:basePrefs:why:collection:) > Synchronizer configured with prefs 'profile.sync.synchronizer.clients...'
2019-09-13 14:29:40.483 [Debug] [ClientsSynchronizer.swift:368] synchronizeLocalClients(_:withServer:info:notifier:) > Synchronizing clients.
2019-09-13 14:29:40.484 [Debug] [StorageClient.swift:792] getSince(_:sort:limit:offset:) > Issuing GET with newer = 0, offset = nil, sort = nil.
2019-09-13 14:29:41.582 [Debug] [StorageClient.swift:372] failFromResponse(_:) > Status code: 200.
2019-09-13 14:29:41.870 [Debug] [ClientsSynchronizer.swift:303] applyStorageResponse(_:toLocalClients:withServer:notifier:) > Applying clients response.
2019-09-13 14:29:41.870 [Debug] [ClientsSynchronizer.swift:310] applyStorageResponse(_:toLocalClients:withServer:notifier:) > Got 4 client records.
2019-09-13 14:29:41.870 [Debug] [ClientsSynchronizer.swift:324] applyStorageResponse(_:toLocalClients:withServer:notifier:) > Skipping our own unmodified record.
2019-09-13 14:29:42.050 [Debug] [ClientsSynchronizer.swift:195] processCommandsFromRecord(_:withServer:) > Processing commands from downloaded record.
2019-09-13 14:29:42.050 [Debug] [ClientsSynchronizer.swift:279] maybeUploadOurRecord(_:ifUnmodifiedSince:toServer:) > Should we upload our client record? Caller = false, expired = false.
2019-09-13 14:29:42.156 [Debug] [ClientsSynchronizer.swift:353] applyStorageResponse(_:toLocalClients:withServer:notifier:) > Running 0 commands.
2019-09-13 14:29:42.162 [Debug] [Profile.swift:978] syncClientsWithDelegate(_:prefs:ready:why:) > Updating FxA devices list.
2019-09-13 14:29:43.331 [Debug] [Profile.swift:1184] syncWith(synchronizers:account:statsSession:why:) > Syncing tabs…
2019-09-13 14:29:43.332 [Info] [Synchronizer.swift:202] init(scratchpad:delegate:basePrefs:why:collection:) > Synchronizer configured with prefs 'profile.sync.synchronizer.tabs...'
2019-09-13 14:29:43.334 [Debug] [SQLiteRemoteClientsAndTabs.swift:236] getTabsForClientWithGUID(_:) > Looking for tabs for client with guid: nil
2019-09-13 14:29:43.343 [Debug] [SQLiteRemoteClientsAndTabs.swift:239] getTabsForClientWithGUID(_:) > Found 1 tabs for client with guid: nil
2019-09-13 14:29:43.345 [Debug] [TabsSynchronizer.swift:67] uploadOurTabs(_:toServer:) > Uploading our tabs: 1.
2019-09-13 14:29:44.378 [Debug] [StorageClient.swift:372] failFromResponse(_:) > Status code: 200.
2019-09-13 14:29:44.378 [Debug] [TabsSynchronizer.swift:77] uploadOurTabs(_:toServer:) > Tabs record upload succeeded. New timestamp: 1568377784210.
2019-09-13 14:29:44.467 [Debug] [Profile.swift:1184] syncWith(synchronizers:account:statsSession:why:) > Syncing bookmarks…
2019-09-13 14:29:44.467 [Debug] [Profile.swift:1024] syncBookmarksWithDelegate(_:prefs:ready:why:) > Syncing bookmarks to storage.
2019-09-13 14:29:44.555 [Info] [Profile.swift:263] init(localName:syncDelegate:clear:) > [RUST][sync15::sync_multiple] Advancing state machine to ready (full)
2019-09-13 14:29:45.614 [Info] [Profile.swift:263] init(localName:syncDelegate:clear:) > [RUST][sync15::sync_multiple] Syncing bookmarks engine!
2019-09-13 14:29:45.615 [Info] [Profile.swift:263] init(localName:syncDelegate:clear:) > [RUST][sync15::sync] Syncing collection bookmarks
2019-09-13 14:29:45.910 [Info] [Profile.swift:263] init(localName:syncDelegate:clear:) > [RUST][sync15::sync] Downloaded 0 remote changes
2019-09-13 14:29:46.083 [Info] [Profile.swift:263] init(localName:syncDelegate:clear:) > [RUST][sync15::sync] Uploading 0 outgoing changes
2019-09-13 14:29:46.083 [Info] [Profile.swift:263] init(localName:syncDelegate:clear:) > [RUST][sync15::sync] Upload success (0 records success, 0 records failed)
2019-09-13 14:29:46.104 [Info] [Profile.swift:263] init(localName:syncDelegate:clear:) > [RUST][sync15::sync] Sync finished!
2019-09-13 14:29:46.104 [Info] [Profile.swift:263] init(localName:syncDelegate:clear:) > [RUST][sync15::sync_multiple] Sync of bookmarks was successful!
2019-09-13 14:29:46.104 [Info] [Profile.swift:263] init(localName:syncDelegate:clear:) > [RUST][sync15::sync_multiple] Updating persisted global state
2019-09-13 14:29:46.114 [Debug] [Profile.swift:1184] syncWith(synchronizers:account:statsSession:why:) > Syncing history…
2019-09-13 14:29:46.114 [Debug] [Profile.swift:992] syncHistoryWithDelegate(_:prefs:ready:why:) > Syncing history to storage.
2019-09-13 14:29:46.114 [Info] [Synchronizer.swift:202] init(scratchpad:delegate:basePrefs:why:collection:) > Synchronizer configured with prefs 'profile.sync.synchronizer.history...'
2019-09-13 14:29:46.114 [Debug] [Profile.swift:1316] greenLight() > Checking green light. Backgrounded: true.
2019-09-13 14:29:46.115 [Info] [Downloader.swift:44] init(collectionClient:basePrefs:collection:) > Downloader configured with prefs 'profile.sync.synchronizer.history..downloader.history..'.
2019-09-13 14:29:46.115 [Debug] [Downloader.swift:126] go(_:limit:) > Modified: 1568341328510; last 1568341328510.
2019-09-13 14:29:46.115 [Debug] [Downloader.swift:128] go(_:limit:) > No more data to batch-download.
2019-09-13 14:29:46.116 [Info] [HistorySynchronizer.swift:230] onBatchResult(_:) > No new data. No need to continue batching.
2019-09-13 14:29:46.116 [Info] [HistorySynchronizer.swift:162] uploadOutgoingFromStorage(_:lastTimestamp:withServer:) > Uploading 0 deleted places.
2019-09-13 14:29:46.116 [Debug] [IndependentRecordSynchronizer.swift:103] uploadRecords(_:lastTimestamp:storageClient:onUpload:) > No modified records to upload.
2019-09-13 14:29:46.182 [Info] [SQLiteHistory.swift:958] attachVisitsTo(places:visitLimit:) > Attaching 2 places to 10 most recent visits
2019-09-13 14:29:46.182 [Info] [HistorySynchronizer.swift:173] uploadOutgoingFromStorage(_:lastTimestamp:withServer:) > Uploading 2 modified places.
2019-09-13 14:29:46.182 [Info] [HistorySynchronizer.swift:124] uploadModifiedPlaces(_:lastTimestamp:fromStorage:withServer:) > Preparing upload…
2019-09-13 14:29:46.230 [Info] [HistorySynchronizer.swift:132] uploadModifiedPlaces(_:lastTimestamp:fromStorage:withServer:) > Uploading 2 history items…
2019-09-13 14:29:47.034 [Debug] [SQLiteHistory.swift:988] markAsSynchronized(_:modified:) > Marking 2 GUIDs as synchronized. Returning timestamp 1568377786800.
2019-09-13 14:29:47.042 [Debug] [Synchronizer.swift:273] setTimestamp(_:) > Setting post-upload lastFetched to 1568377786800.
2019-09-13 14:29:47.044 [Debug] [HistorySynchronizer.swift:187] uploadOutgoingFromStorage(_:lastTimestamp:withServer:) > Done syncing. Work was done? true
2019-09-13 14:29:47.044 [Debug] [BrowserDB.swift:92] checkpoint() > Checkpointing a BrowserDB.
2019-09-13 14:29:47.044 [Debug] [HistorySynchronizer.swift:189] uploadOutgoingFromStorage(_:lastTimestamp:withServer:) > Done.
2019-09-13 14:29:47.044 [Debug] [Profile.swift:1184] syncWith(synchronizers:account:statsSession:why:) > Syncing logins…
2019-09-13 14:29:47.045 [Debug] [Profile.swift:1002] syncLoginsWithDelegate(_:prefs:ready:why:) > Syncing logins to storage.
2019-09-13 14:29:47.140 [Debug] [SwiftData.swift:869] checkpoint(_:) > Running WAL checkpoint on /private/var/mobile/Containers/Shared/AppGroup/3AC9B56F-1595-457E-AB40-532540485C00/profile.profile/browser.db on thread <NSThread: 0x2808dc280>{number = 21, name = (null)}.
2019-09-13 14:29:47.140 [Debug] [SwiftData.swift:871] checkpoint(_:) > WAL checkpoint done on /private/var/mobile/Containers/Shared/AppGroup/3AC9B56F-1595-457E-AB40-532540485C00/profile.profile/browser.db.
2019-09-13 14:29:47.197 [Info] [Profile.swift:263] init(localName:syncDelegate:clear:) > [RUST][sync15::sync_multiple] Advancing state machine to ready (full)
2019-09-13 14:29:49.580 [Info] [Profile.swift:263] init(localName:syncDelegate:clear:) > [RUST][sync15::sync_multiple] Syncing passwords engine!
2019-09-13 14:29:49.581 [Info] [Profile.swift:263] init(localName:syncDelegate:clear:) > [RUST][sync15::sync] Syncing collection passwords
2019-09-13 14:29:49.842 [Info] [Profile.swift:263] init(localName:syncDelegate:clear:) > [RUST][sync15::sync] Downloaded 0 remote changes
2019-09-13 14:29:49.843 [Info] [Profile.swift:263] init(localName:syncDelegate:clear:) > [RUST][sync15::sync] Uploading 0 outgoing changes
2019-09-13 14:29:49.843 [Info] [Profile.swift:263] init(localName:syncDelegate:clear:) > [RUST][sync15::sync] Upload success (0 records success, 0 records failed)
2019-09-13 14:29:49.855 [Info] [Profile.swift:263] init(localName:syncDelegate:clear:) > [RUST][sync15::sync] Sync finished!
2019-09-13 14:29:49.855 [Info] [Profile.swift:263] init(localName:syncDelegate:clear:) > [RUST][sync15::sync_multiple] Sync of passwords was successful!
2019-09-13 14:29:49.855 [Info] [Profile.swift:263] init(localName:syncDelegate:clear:) > [RUST][sync15::sync_multiple] Updating persisted global state
2019-09-13 14:29:49.868 [Info] [Profile.swift:719] endSyncing(_:) > Ending all queued syncs.
2019-09-13 14:29:49.869 [Debug] [Profile.swift:339] _shutdown() > Shutting down profile.
2019-09-13 14:29:49.875 [Info] [SyncAuthState.swift:121] token(_:canBeExpired:) > Returning cached token, which should be valid.
2019-09-13 14:29:49.893 [Debug] [State.swift:458] unpickleV1FromPrefs(_:syncKeyBundle:) > Read keys from Keychain with label JYL9I1GXubfd.
2019-09-13 14:29:49.919 [Debug] [SwiftData.swift:540] deinit > deinit: closing connection on thread <NSThread: 0x280842fc0>{number = 1, name = main}.
2019-09-13 14:29:49.919 [Debug] [SwiftData.swift:978] closeCustomConnection(immediately:) > Closing custom connection for /private/var/mobile/Containers/Shared/AppGroup/3AC9B56F-1595-457E-AB40-532540485C00/profile.profile/browser.db on <NSThread: 0x280842fc0>{number = 1, name = main}.
2019-09-13 14:29:49.924 [Debug] [SwiftData.swift:1010] closeCustomConnection(immediately:) > Closed /private/var/mobile/Containers/Shared/AppGroup/3AC9B56F-1595-457E-AB40-532540485C00/profile.profile/browser.db.
2019-09-13 14:29:49.925 [Debug] [SwiftData.swift:540] deinit > deinit: closing connection on thread <NSThread: 0x280842fc0>{number = 1, name = main}.
2019-09-13 14:29:49.925 [Debug] [SwiftData.swift:978] closeCustomConnection(immediately:) > Closing custom connection for /private/var/mobile/Containers/Shared/AppGroup/3AC9B56F-1595-457E-AB40-532540485C00/profile.profile/browser.db on <NSThread: 0x280842fc0>{number = 1, name = main}.
2019-09-13 14:29:49.929 [Debug] [SwiftData.swift:1010] closeCustomConnection(immediately:) > Closed /private/var/mobile/Containers/Shared/AppGroup/3AC9B56F-1595-457E-AB40-532540485C00/profile.profile/browser.db.
